<?xml version="1.0" encoding="UTF-8"?>
<!-- Generated by org.testng.reporters.JUnitReportReporter -->
<testsuite hostname="Akhilas-Air" failures="0" tests="1" name="com.sd.tests.TC3LockedUserLogin" time="4.651" errors="0" timestamp="2023-01-25T18:54:34 CET" skipped="0">
  <testcase classname="com.sd.tests.TC3LockedUserLogin" name="loginApp" time="4.651"/>
  <system-out/>
</testsuite> <!-- com.sd.tests.TC3LockedUserLogin -->
