<?xml version="1.0" encoding="UTF-8"?>
<!-- Generated by org.testng.reporters.JUnitReportReporter -->
<testsuite hostname="Akhilas-Air" failures="0" tests="7" name="com.sd.tests.TC1CheckoutForStandardUser" time="15.367" errors="0" timestamp="2023-01-25T18:54:34 CET" skipped="0">
  <testcase classname="com.sd.tests.TC1CheckoutForStandardUser" name="loginApp" time="5.468"/>
  <system-out/>
  <testcase classname="com.sd.tests.TC1CheckoutForStandardUser" name="productPriceCheck" time="1.001"/>
  <system-out/>
  <testcase classname="com.sd.tests.TC1CheckoutForStandardUser" name="goToCart" time="1.022"/>
  <system-out/>
  <testcase classname="com.sd.tests.TC1CheckoutForStandardUser" name="checkoutCart" time="3.140"/>
  <system-out/>
  <testcase classname="com.sd.tests.TC1CheckoutForStandardUser" name="priceComparison" time="1.922"/>
  <system-out/>
  <testcase classname="com.sd.tests.TC1CheckoutForStandardUser" name="completeCheckout" time="1.534"/>
  <system-out/>
  <testcase classname="com.sd.tests.TC1CheckoutForStandardUser" name="logoutApp" time="1.280"/>
  <system-out/>
</testsuite> <!-- com.sd.tests.TC1CheckoutForStandardUser -->
