<?xml version="1.0" encoding="UTF-8"?>
<!-- Generated by org.testng.reporters.JUnitReportReporter -->
<testsuite hostname="Akhilas-Air" failures="0" tests="5" name="com.sd.tests.TC2EmptyCartCheckout" time="12.359" errors="0" timestamp="2023-01-25T18:54:34 CET" skipped="0">
  <testcase classname="com.sd.tests.TC2EmptyCartCheckout" name="loginApp" time="5.410"/>
  <system-out/>
  <testcase classname="com.sd.tests.TC2EmptyCartCheckout" name="goToCart" time="0.765"/>
  <system-out/>
  <testcase classname="com.sd.tests.TC2EmptyCartCheckout" name="checkoutCart" time="2.393"/>
  <system-out/>
  <testcase classname="com.sd.tests.TC2EmptyCartCheckout" name="completeCheckout" time="1.595"/>
  <system-out/>
  <testcase classname="com.sd.tests.TC2EmptyCartCheckout" name="logoutApp" time="2.196"/>
  <system-out/>
</testsuite> <!-- com.sd.tests.TC2EmptyCartCheckout -->
